{
  "RSpec": {
    "coverage": {
      "/Users/apprentice/Desktop/jarred-amir/dev_overflow/app/helpers/answers_helper.rb": [
        1,
        null
      ],
      "/Users/apprentice/Desktop/jarred-amir/dev_overflow/app/helpers/application_helper.rb": [
        1,
        null
      ],
      "/Users/apprentice/Desktop/jarred-amir/dev_overflow/app/helpers/questions_helper.rb": [
        1,
        null
      ],
      "/Users/apprentice/Desktop/jarred-amir/dev_overflow/app/controllers/answers_controller.rb": [
        1,
        1,
        null,
        null,
        1,
        0,
        0,
        null,
        null,
        1,
        0,
        0,
        0,
        null,
        null,
        1,
        1,
        0,
        null,
        null
      ],
      "/Users/apprentice/Desktop/jarred-amir/dev_overflow/app/controllers/application_controller.rb": [
        1,
        null,
        null,
        1,
        null
      ],
      "/Users/apprentice/Desktop/jarred-amir/dev_overflow/app/controllers/questions_controller.rb": [
        1,
        1,
        4,
        null,
        null,
        1,
        5,
        5,
        null,
        null,
        1,
        3,
        null,
        3,
        3,
        null,
        null,
        1,
        0,
        0,
        0,
        null,
        null,
        1,
        1,
        null,
        null,
        null,
        1,
        0,
        0,
        0,
        null,
        null,
        1,
        1,
        3,
        null,
        null
      ],
      "/Users/apprentice/Desktop/jarred-amir/dev_overflow/app/models/answer.rb": [
        1,
        1,
        1,
        null,
        1,
        1,
        null
      ],
      "/Users/apprentice/Desktop/jarred-amir/dev_overflow/app/models/question.rb": [
        1,
        1,
        1,
        1,
        1,
        null
      ],
      "/Users/apprentice/Desktop/jarred-amir/dev_overflow/app/models/vote.rb": [
        1,
        1,
        null
      ]
    },
    "timestamp": 1418164188
  }
}
